c:\users\jacob\source\repos\shay\shay\x64\debug\vc141.pdb
c:\users\jacob\source\repos\shay\shay\x64\debug\vc141.idb
c:\users\jacob\source\repos\shay\shay\x64\debug\texturedpolygons.obj
c:\users\jacob\source\repos\shay\shay\x64\debug\soundtime.obj
c:\users\jacob\source\repos\shay\shay\x64\debug\sound.obj
c:\users\jacob\source\repos\shay\shay\x64\debug\plainnode.obj
c:\users\jacob\source\repos\shay\shay\x64\debug\plainlinkedlist.obj
c:\users\jacob\source\repos\shay\shay\x64\debug\main.obj
c:\users\jacob\source\repos\shay\shay\x64\debug\easysound.obj
c:\users\jacob\source\repos\shay\shay\x64\debug\collision.obj
c:\users\jacob\source\repos\shay\shay\x64\debug\cameramap.obj
c:\users\jacob\source\repos\shay\shay\x64\debug\camera.obj
c:\users\jacob\source\repos\shay\shay\x64\debug\aabbnode.obj
c:\users\jacob\source\repos\shay\shay\x64\debug\aabblinkedlist.obj
c:\users\jacob\source\repos\shay\shay\x64\debug\aabb.obj
c:\users\jacob\source\repos\shay\shay\x64\debug\shay.res
c:\users\manu\source\repos\shay\shay\x64\debug\aabb.obj
c:\users\manu\source\repos\shay\shay\x64\debug\aabblinkedlist.obj
c:\users\manu\source\repos\shay\shay\x64\debug\aabbnode.obj
c:\users\manu\source\repos\shay\shay\x64\debug\camera.obj
c:\users\manu\source\repos\shay\shay\x64\debug\cameramap.obj
c:\users\manu\source\repos\shay\shay\x64\debug\collision.obj
c:\users\manu\source\repos\shay\shay\x64\debug\easysound.obj
c:\users\manu\source\repos\shay\shay\x64\debug\main.obj
c:\users\manu\source\repos\shay\shay\x64\debug\plainlinkedlist.obj
c:\users\manu\source\repos\shay\shay\x64\debug\plainnode.obj
c:\users\manu\source\repos\shay\shay\x64\debug\sound.obj
c:\users\manu\source\repos\shay\shay\x64\debug\soundtime.obj
c:\users\manu\source\repos\shay\shay\x64\debug\texturedpolygons.obj
c:\users\manu\source\repos\shay\shay\x64\debug\shay.res
c:\users\manu\source\repos\shay\shay\x64\debug\vc141.idb
c:\users\manu\source\repos\shay\shay\x64\debug\vc141.pdb
c:\users\manu\source\repos\shay\shay\x64\debug\shay.tlog\cl.command.1.tlog
c:\users\manu\source\repos\shay\shay\x64\debug\shay.tlog\cl.read.1.tlog
c:\users\manu\source\repos\shay\shay\x64\debug\shay.tlog\cl.write.1.tlog
c:\users\manu\source\repos\shay\shay\x64\debug\shay.tlog\link.command.1.tlog
c:\users\manu\source\repos\shay\shay\x64\debug\shay.tlog\link.read.1.tlog
c:\users\manu\source\repos\shay\shay\x64\debug\shay.tlog\link.write.1.tlog
c:\users\manu\source\repos\shay\shay\x64\debug\shay.tlog\rc.command.1.tlog
c:\users\manu\source\repos\shay\shay\x64\debug\shay.tlog\rc.read.1.tlog
c:\users\manu\source\repos\shay\shay\x64\debug\shay.tlog\rc.write.1.tlog
