  main.cpp
c:\users\jacob\source\repos\shay\main.cpp(474): warning C4305: 'argument': truncation from 'double' to 'GLclampf'
c:\users\jacob\source\repos\shay\main.cpp(613): warning C4244: 'argument': conversion from 'double' to 'const int', possible loss of data
c:\users\jacob\source\repos\shay\main.cpp(772): warning C4244: 'argument': conversion from 'double' to 'int', possible loss of data
c:\users\jacob\source\repos\shay\main.cpp(778): warning C4244: 'argument': conversion from 'double' to 'int', possible loss of data
c:\users\jacob\source\repos\shay\main.cpp(788): warning C4244: 'argument': conversion from 'double' to 'int', possible loss of data
c:\users\jacob\source\repos\shay\main.cpp(793): warning C4244: 'argument': conversion from 'double' to 'int', possible loss of data
c:\users\jacob\source\repos\shay\main.cpp(1894): warning C4244: 'argument': conversion from 'GLdouble' to 'GLfloat', possible loss of data
c:\users\jacob\source\repos\shay\main.cpp(1920): warning C4244: 'argument': conversion from 'GLdouble' to 'GLfloat', possible loss of data
c:\users\jacob\source\repos\shay\main.cpp(1937): warning C4244: 'argument': conversion from 'GLdouble' to 'GLfloat', possible loss of data
c:\users\jacob\source\repos\shay\main.cpp(2176): warning C4305: 'argument': truncation from 'double' to 'GLfloat'
c:\users\jacob\source\repos\shay\main.cpp(2264): warning C4244: 'argument': conversion from 'GLdouble' to 'GLfloat', possible loss of data
c:\users\jacob\source\repos\shay\main.cpp(2276): warning C4244: 'argument': conversion from 'GLdouble' to 'GLfloat', possible loss of data
c:\users\jacob\source\repos\shay\main.cpp(2342): warning C4305: 'argument': truncation from 'double' to 'GLfloat'
c:\users\jacob\source\repos\shay\main.cpp(2343): warning C4305: 'argument': truncation from 'double' to 'GLfloat'
c:\users\jacob\source\repos\shay\main.cpp(2344): warning C4305: 'argument': truncation from 'double' to 'GLfloat'
c:\users\jacob\source\repos\shay\main.cpp(2345): warning C4305: 'argument': truncation from 'double' to 'GLfloat'
c:\users\jacob\source\repos\shay\main.cpp(2346): warning C4305: 'argument': truncation from 'double' to 'GLfloat'
c:\users\jacob\source\repos\shay\main.cpp(2348): warning C4305: 'argument': truncation from 'double' to 'GLfloat'
c:\users\jacob\source\repos\shay\main.cpp(2355): warning C4305: 'argument': truncation from 'double' to 'GLfloat'
c:\users\jacob\source\repos\shay\main.cpp(2356): warning C4305: 'argument': truncation from 'double' to 'GLfloat'
c:\users\jacob\source\repos\shay\main.cpp(2357): warning C4305: 'argument': truncation from 'double' to 'GLfloat'
c:\users\jacob\source\repos\shay\main.cpp(2358): warning C4305: 'argument': truncation from 'double' to 'GLfloat'
c:\users\jacob\source\repos\shay\main.cpp(2359): warning C4305: 'argument': truncation from 'double' to 'GLfloat'
c:\users\jacob\source\repos\shay\main.cpp(2361): warning C4305: 'argument': truncation from 'double' to 'GLfloat'
c:\users\jacob\source\repos\shay\main.cpp(2369): warning C4305: 'argument': truncation from 'double' to 'GLfloat'
c:\users\jacob\source\repos\shay\main.cpp(2370): warning C4305: 'argument': truncation from 'double' to 'GLfloat'
c:\users\jacob\source\repos\shay\main.cpp(2371): warning C4305: 'argument': truncation from 'double' to 'GLfloat'
c:\users\jacob\source\repos\shay\main.cpp(2372): warning C4305: 'argument': truncation from 'double' to 'GLfloat'
c:\users\jacob\source\repos\shay\main.cpp(2373): warning C4305: 'argument': truncation from 'double' to 'GLfloat'
c:\users\jacob\source\repos\shay\main.cpp(2375): warning C4305: 'argument': truncation from 'double' to 'GLfloat'
c:\users\jacob\source\repos\shay\main.cpp(2441): warning C4244: 'argument': conversion from 'GLdouble' to 'GLfloat', possible loss of data
c:\users\jacob\source\repos\shay\main.cpp(2445): warning C4244: 'argument': conversion from 'GLdouble' to 'GLfloat', possible loss of data
c:\users\jacob\source\repos\shay\main.cpp(2525): warning C4244: 'argument': conversion from 'GLdouble' to 'GLfloat', possible loss of data
c:\users\jacob\source\repos\shay\main.cpp(2530): warning C4244: 'argument': conversion from 'GLdouble' to 'GLfloat', possible loss of data
c:\users\jacob\source\repos\shay\main.cpp(2534): warning C4244: 'argument': conversion from 'GLdouble' to 'GLfloat', possible loss of data
c:\users\jacob\source\repos\shay\main.cpp(2540): warning C4244: 'argument': conversion from 'GLdouble' to 'GLfloat', possible loss of data
c:\users\jacob\source\repos\shay\main.cpp(2544): warning C4244: 'argument': conversion from 'GLdouble' to 'GLfloat', possible loss of data
c:\users\jacob\source\repos\shay\main.cpp(2551): warning C4244: 'argument': conversion from 'GLdouble' to 'GLfloat', possible loss of data
c:\users\jacob\source\repos\shay\main.cpp(2555): warning C4244: 'argument': conversion from 'GLdouble' to 'GLfloat', possible loss of data
c:\users\jacob\source\repos\shay\main.cpp(2561): warning C4244: 'argument': conversion from 'GLdouble' to 'GLfloat', possible loss of data
c:\users\jacob\source\repos\shay\main.cpp(2578): warning C4244: 'argument': conversion from 'GLdouble' to 'GLfloat', possible loss of data
c:\users\jacob\source\repos\shay\main.cpp(2582): warning C4244: 'argument': conversion from 'GLdouble' to 'GLfloat', possible loss of data
c:\users\jacob\source\repos\shay\main.cpp(2588): warning C4244: 'argument': conversion from 'GLdouble' to 'GLfloat', possible loss of data
c:\users\jacob\source\repos\shay\main.cpp(2592): warning C4244: 'argument': conversion from 'GLdouble' to 'GLfloat', possible loss of data
c:\users\jacob\source\repos\shay\main.cpp(2631): warning C4244: 'argument': conversion from 'GLdouble' to 'GLfloat', possible loss of data
c:\users\jacob\source\repos\shay\main.cpp(2638): warning C4244: 'argument': conversion from 'GLdouble' to 'GLfloat', possible loss of data
c:\users\jacob\source\repos\shay\main.cpp(2649): warning C4244: 'argument': conversion from 'GLdouble' to 'GLfloat', possible loss of data
c:\users\jacob\source\repos\shay\main.cpp(2656): warning C4244: 'argument': conversion from 'GLdouble' to 'GLfloat', possible loss of data
c:\users\jacob\source\repos\shay\main.cpp(2679): warning C4244: 'argument': conversion from 'GLdouble' to 'GLfloat', possible loss of data
c:\users\jacob\source\repos\shay\main.cpp(2693): warning C4244: 'argument': conversion from 'GLdouble' to 'GLfloat', possible loss of data
c:\users\jacob\source\repos\shay\main.cpp(2713): warning C4244: 'argument': conversion from 'GLdouble' to 'GLfloat', possible loss of data
c:\users\jacob\source\repos\shay\main.cpp(2751): warning C4305: 'argument': truncation from 'double' to 'GLfloat'
c:\users\jacob\source\repos\shay\main.cpp(2752): warning C4305: 'argument': truncation from 'double' to 'GLfloat'
c:\users\jacob\source\repos\shay\main.cpp(2753): warning C4305: 'argument': truncation from 'double' to 'GLfloat'
c:\users\jacob\source\repos\shay\main.cpp(2754): warning C4305: 'argument': truncation from 'double' to 'GLfloat'
c:\users\jacob\source\repos\shay\main.cpp(2803): warning C4244: 'argument': conversion from 'GLdouble' to 'GLfloat', possible loss of data
c:\users\jacob\source\repos\shay\main.cpp(2811): warning C4244: 'argument': conversion from 'GLdouble' to 'GLfloat', possible loss of data
c:\users\jacob\source\repos\shay\main.cpp(2818): warning C4244: 'argument': conversion from 'GLdouble' to 'GLfloat', possible loss of data
c:\users\jacob\source\repos\shay\main.cpp(2831): warning C4244: 'argument': conversion from 'GLdouble' to 'GLfloat', possible loss of data
c:\users\jacob\source\repos\shay\main.cpp(2839): warning C4244: 'argument': conversion from 'GLdouble' to 'GLfloat', possible loss of data
c:\users\jacob\source\repos\shay\main.cpp(2905): warning C4305: 'argument': truncation from 'double' to 'GLfloat'
c:\users\jacob\source\repos\shay\main.cpp(2906): warning C4305: 'argument': truncation from 'double' to 'GLfloat'
c:\users\jacob\source\repos\shay\main.cpp(2907): warning C4305: 'argument': truncation from 'double' to 'GLfloat'
c:\users\jacob\source\repos\shay\main.cpp(2908): warning C4305: 'argument': truncation from 'double' to 'GLfloat'
c:\users\jacob\source\repos\shay\main.cpp(2917): warning C4305: 'argument': truncation from 'double' to 'GLfloat'
c:\users\jacob\source\repos\shay\main.cpp(2918): warning C4305: 'argument': truncation from 'double' to 'GLfloat'
c:\users\jacob\source\repos\shay\main.cpp(2919): warning C4305: 'argument': truncation from 'double' to 'GLfloat'
c:\users\jacob\source\repos\shay\main.cpp(2920): warning C4305: 'argument': truncation from 'double' to 'GLfloat'
c:\users\jacob\source\repos\shay\main.cpp(3209): warning C4244: 'argument': conversion from 'GLdouble' to 'GLfloat', possible loss of data
c:\users\jacob\source\repos\shay\main.cpp(3410): warning C4244: 'argument': conversion from 'GLdouble' to 'GLfloat', possible loss of data
c:\users\jacob\source\repos\shay\main.cpp(3425): warning C4244: 'argument': conversion from 'GLdouble' to 'GLfloat', possible loss of data
c:\users\jacob\source\repos\shay\main.cpp(3441): warning C4244: 'argument': conversion from 'GLdouble' to 'GLfloat', possible loss of data
c:\users\jacob\source\repos\shay\main.cpp(3461): warning C4244: 'argument': conversion from 'GLdouble' to 'GLfloat', possible loss of data
c:\users\jacob\source\repos\shay\main.cpp(3484): warning C4244: 'argument': conversion from 'GLdouble' to 'GLfloat', possible loss of data
c:\users\jacob\source\repos\shay\main.cpp(3488): warning C4244: 'argument': conversion from 'GLdouble' to 'GLfloat', possible loss of data
c:\users\jacob\source\repos\shay\main.cpp(3507): warning C4244: 'argument': conversion from 'GLdouble' to 'GLfloat', possible loss of data
c:\users\jacob\source\repos\shay\main.cpp(3511): warning C4244: 'argument': conversion from 'GLdouble' to 'GLfloat', possible loss of data
c:\users\jacob\source\repos\shay\main.cpp(3535): warning C4244: 'argument': conversion from 'double' to 'GLfloat', possible loss of data
c:\users\jacob\source\repos\shay\main.cpp(3559): warning C4244: 'argument': conversion from 'double' to 'GLfloat', possible loss of data
c:\users\jacob\source\repos\shay\main.cpp(3620): warning C4305: 'argument': truncation from 'double' to 'GLfloat'
c:\users\jacob\source\repos\shay\main.cpp(3621): warning C4305: 'argument': truncation from 'double' to 'GLfloat'
c:\users\jacob\source\repos\shay\main.cpp(3622): warning C4305: 'argument': truncation from 'double' to 'GLfloat'
c:\users\jacob\source\repos\shay\main.cpp(3623): warning C4305: 'argument': truncation from 'double' to 'GLfloat'
c:\users\jacob\source\repos\shay\main.cpp(3625): warning C4305: 'argument': truncation from 'double' to 'GLfloat'
c:\users\jacob\source\repos\shay\main.cpp(3632): warning C4305: 'argument': truncation from 'double' to 'GLfloat'
c:\users\jacob\source\repos\shay\main.cpp(3633): warning C4305: 'argument': truncation from 'double' to 'GLfloat'
c:\users\jacob\source\repos\shay\main.cpp(3634): warning C4305: 'argument': truncation from 'double' to 'GLfloat'
c:\users\jacob\source\repos\shay\main.cpp(3635): warning C4305: 'argument': truncation from 'double' to 'GLfloat'
c:\users\jacob\source\repos\shay\main.cpp(3636): warning C4305: 'argument': truncation from 'double' to 'GLfloat'
c:\users\jacob\source\repos\shay\main.cpp(3645): warning C4305: 'argument': truncation from 'double' to 'GLfloat'
c:\users\jacob\source\repos\shay\main.cpp(3647): warning C4305: 'argument': truncation from 'double' to 'GLfloat'
c:\users\jacob\source\repos\shay\main.cpp(3648): warning C4305: 'argument': truncation from 'double' to 'GLfloat'
c:\users\jacob\source\repos\shay\main.cpp(3649): warning C4305: 'argument': truncation from 'double' to 'GLfloat'
c:\users\jacob\source\repos\shay\main.cpp(3650): warning C4305: 'argument': truncation from 'double' to 'GLfloat'
c:\users\jacob\source\repos\shay\main.cpp(3651): warning C4305: 'argument': truncation from 'double' to 'GLfloat'
c:\users\jacob\source\repos\shay\main.cpp(3659): warning C4305: 'argument': truncation from 'double' to 'GLfloat'
c:\users\jacob\source\repos\shay\main.cpp(3660): warning C4305: 'argument': truncation from 'double' to 'GLfloat'
c:\users\jacob\source\repos\shay\main.cpp(3661): warning C4305: 'argument': truncation from 'double' to 'GLfloat'
c:\users\jacob\source\repos\shay\main.cpp(3662): warning C4305: 'argument': truncation from 'double' to 'GLfloat'
c:\users\jacob\source\repos\shay\main.cpp(3663): warning C4305: 'argument': truncation from 'double' to 'GLfloat'
c:\users\jacob\source\repos\shay\main.cpp(3664): warning C4305: 'argument': truncation from 'double' to 'GLfloat'
c:\users\jacob\source\repos\shay\main.cpp(3674): warning C4305: 'argument': truncation from 'double' to 'GLfloat'
c:\users\jacob\source\repos\shay\main.cpp(3675): warning C4305: 'argument': truncation from 'double' to 'GLfloat'
c:\users\jacob\source\repos\shay\main.cpp(3676): warning C4305: 'argument': truncation from 'double' to 'GLfloat'
c:\users\jacob\source\repos\shay\main.cpp(3677): warning C4305: 'argument': truncation from 'double' to 'GLfloat'
c:\users\jacob\source\repos\shay\main.cpp(3687): warning C4305: 'argument': truncation from 'double' to 'GLfloat'
c:\users\jacob\source\repos\shay\main.cpp(3688): warning C4305: 'argument': truncation from 'double' to 'GLfloat'
c:\users\jacob\source\repos\shay\main.cpp(3689): warning C4305: 'argument': truncation from 'double' to 'GLfloat'
c:\users\jacob\source\repos\shay\main.cpp(3690): warning C4305: 'argument': truncation from 'double' to 'GLfloat'
c:\users\jacob\source\repos\shay\main.cpp(3698): warning C4305: 'argument': truncation from 'double' to 'GLfloat'
c:\users\jacob\source\repos\shay\main.cpp(3699): warning C4305: 'argument': truncation from 'double' to 'GLfloat'
c:\users\jacob\source\repos\shay\main.cpp(3700): warning C4305: 'argument': truncation from 'double' to 'GLfloat'
c:\users\jacob\source\repos\shay\main.cpp(3701): warning C4305: 'argument': truncation from 'double' to 'GLfloat'
c:\users\jacob\source\repos\shay\main.cpp(3702): warning C4305: 'argument': truncation from 'double' to 'GLfloat'
c:\users\jacob\source\repos\shay\main.cpp(3703): warning C4305: 'argument': truncation from 'double' to 'GLfloat'
c:\users\jacob\source\repos\shay\main.cpp(3713): warning C4305: 'argument': truncation from 'double' to 'GLfloat'
c:\users\jacob\source\repos\shay\main.cpp(3714): warning C4305: 'argument': truncation from 'double' to 'GLfloat'
c:\users\jacob\source\repos\shay\main.cpp(3715): warning C4305: 'argument': truncation from 'double' to 'GLfloat'
c:\users\jacob\source\repos\shay\main.cpp(3716): warning C4305: 'argument': truncation from 'double' to 'GLfloat'
c:\users\jacob\source\repos\shay\main.cpp(3726): warning C4305: 'argument': truncation from 'double' to 'GLfloat'
c:\users\jacob\source\repos\shay\main.cpp(3727): warning C4305: 'argument': truncation from 'double' to 'GLfloat'
c:\users\jacob\source\repos\shay\main.cpp(3728): warning C4305: 'argument': truncation from 'double' to 'GLfloat'
c:\users\jacob\source\repos\shay\main.cpp(3729): warning C4305: 'argument': truncation from 'double' to 'GLfloat'
c:\users\jacob\source\repos\shay\main.cpp(3736): warning C4305: 'argument': truncation from 'double' to 'GLfloat'
c:\users\jacob\source\repos\shay\main.cpp(3737): warning C4305: 'argument': truncation from 'double' to 'GLfloat'
c:\users\jacob\source\repos\shay\main.cpp(3738): warning C4305: 'argument': truncation from 'double' to 'GLfloat'
c:\users\jacob\source\repos\shay\main.cpp(3739): warning C4305: 'argument': truncation from 'double' to 'GLfloat'
c:\users\jacob\source\repos\shay\main.cpp(3740): warning C4305: 'argument': truncation from 'double' to 'GLfloat'
c:\users\jacob\source\repos\shay\main.cpp(3741): warning C4305: 'argument': truncation from 'double' to 'GLfloat'
c:\users\jacob\source\repos\shay\main.cpp(3742): warning C4305: 'argument': truncation from 'double' to 'GLfloat'
c:\users\jacob\source\repos\shay\main.cpp(3749): warning C4305: 'argument': truncation from 'double' to 'GLfloat'
c:\users\jacob\source\repos\shay\main.cpp(3751): warning C4305: 'argument': truncation from 'double' to 'GLfloat'
c:\users\jacob\source\repos\shay\main.cpp(3752): warning C4305: 'argument': truncation from 'double' to 'GLfloat'
c:\users\jacob\source\repos\shay\main.cpp(3753): warning C4305: 'argument': truncation from 'double' to 'GLfloat'
c:\users\jacob\source\repos\shay\main.cpp(3754): warning C4305: 'argument': truncation from 'double' to 'GLfloat'
c:\users\jacob\source\repos\shay\main.cpp(3755): warning C4305: 'argument': truncation from 'double' to 'GLfloat'
c:\users\jacob\source\repos\shay\main.cpp(3762): warning C4305: 'argument': truncation from 'double' to 'GLfloat'
c:\users\jacob\source\repos\shay\main.cpp(3764): warning C4305: 'argument': truncation from 'double' to 'GLfloat'
c:\users\jacob\source\repos\shay\main.cpp(3765): warning C4305: 'argument': truncation from 'double' to 'GLfloat'
c:\users\jacob\source\repos\shay\main.cpp(3766): warning C4305: 'argument': truncation from 'double' to 'GLfloat'
c:\users\jacob\source\repos\shay\main.cpp(3767): warning C4305: 'argument': truncation from 'double' to 'GLfloat'
c:\users\jacob\source\repos\shay\main.cpp(3768): warning C4305: 'argument': truncation from 'double' to 'GLfloat'
c:\users\jacob\source\repos\shay\main.cpp(3776): warning C4305: 'argument': truncation from 'double' to 'GLfloat'
c:\users\jacob\source\repos\shay\main.cpp(3777): warning C4305: 'argument': truncation from 'double' to 'GLfloat'
c:\users\jacob\source\repos\shay\main.cpp(3778): warning C4305: 'argument': truncation from 'double' to 'GLfloat'
c:\users\jacob\source\repos\shay\main.cpp(3779): warning C4305: 'argument': truncation from 'double' to 'GLfloat'
c:\users\jacob\source\repos\shay\main.cpp(3780): warning C4305: 'argument': truncation from 'double' to 'GLfloat'
c:\users\jacob\source\repos\shay\main.cpp(3791): warning C4305: 'argument': truncation from 'double' to 'GLfloat'
c:\users\jacob\source\repos\shay\main.cpp(3793): warning C4305: 'argument': truncation from 'double' to 'GLfloat'
c:\users\jacob\source\repos\shay\main.cpp(3804): warning C4305: 'argument': truncation from 'double' to 'GLfloat'
c:\users\jacob\source\repos\shay\main.cpp(3806): warning C4305: 'argument': truncation from 'double' to 'GLfloat'
c:\users\jacob\source\repos\shay\main.cpp(3850): warning C4244: 'argument': conversion from 'GLdouble' to 'GLfloat', possible loss of data
c:\users\jacob\source\repos\shay\main.cpp(3852): warning C4244: 'argument': conversion from 'GLdouble' to 'GLfloat', possible loss of data
c:\users\jacob\source\repos\shay\main.cpp(3853): warning C4244: 'argument': conversion from 'GLdouble' to 'GLfloat', possible loss of data
c:\users\jacob\source\repos\shay\main.cpp(3854): warning C4244: 'argument': conversion from 'GLdouble' to 'GLfloat', possible loss of data
c:\users\jacob\source\repos\shay\main.cpp(3854): warning C4305: 'argument': truncation from 'double' to 'GLfloat'
c:\users\jacob\source\repos\shay\main.cpp(3855): warning C4244: 'argument': conversion from 'GLdouble' to 'GLfloat', possible loss of data
c:\users\jacob\source\repos\shay\main.cpp(3856): warning C4244: 'argument': conversion from 'GLdouble' to 'GLfloat', possible loss of data
c:\users\jacob\source\repos\shay\main.cpp(3856): warning C4305: 'argument': truncation from 'double' to 'GLfloat'
c:\users\jacob\source\repos\shay\main.cpp(3862): warning C4244: 'argument': conversion from 'GLdouble' to 'GLfloat', possible loss of data
c:\users\jacob\source\repos\shay\main.cpp(3864): warning C4244: 'argument': conversion from 'GLdouble' to 'GLfloat', possible loss of data
c:\users\jacob\source\repos\shay\main.cpp(3865): warning C4244: 'argument': conversion from 'GLdouble' to 'GLfloat', possible loss of data
c:\users\jacob\source\repos\shay\main.cpp(3866): warning C4244: 'argument': conversion from 'GLdouble' to 'GLfloat', possible loss of data
c:\users\jacob\source\repos\shay\main.cpp(3866): warning C4305: 'argument': truncation from 'double' to 'GLfloat'
c:\users\jacob\source\repos\shay\main.cpp(3867): warning C4244: 'argument': conversion from 'GLdouble' to 'GLfloat', possible loss of data
c:\users\jacob\source\repos\shay\main.cpp(3868): warning C4244: 'argument': conversion from 'GLdouble' to 'GLfloat', possible loss of data
c:\users\jacob\source\repos\shay\main.cpp(3868): warning C4305: 'argument': truncation from 'double' to 'GLfloat'
c:\users\jacob\source\repos\shay\main.cpp(3878): warning C4244: 'argument': conversion from 'GLdouble' to 'GLfloat', possible loss of data
c:\users\jacob\source\repos\shay\main.cpp(3880): warning C4244: 'argument': conversion from 'GLdouble' to 'GLfloat', possible loss of data
c:\users\jacob\source\repos\shay\main.cpp(3881): warning C4244: 'argument': conversion from 'GLdouble' to 'GLfloat', possible loss of data
c:\users\jacob\source\repos\shay\main.cpp(3882): warning C4244: 'argument': conversion from 'GLdouble' to 'GLfloat', possible loss of data
c:\users\jacob\source\repos\shay\main.cpp(3883): warning C4244: 'argument': conversion from 'GLdouble' to 'GLfloat', possible loss of data
c:\users\jacob\source\repos\shay\main.cpp(3884): warning C4244: 'argument': conversion from 'GLdouble' to 'GLfloat', possible loss of data
c:\users\jacob\source\repos\shay\main.cpp(3890): warning C4244: 'argument': conversion from 'GLdouble' to 'GLfloat', possible loss of data
c:\users\jacob\source\repos\shay\main.cpp(3892): warning C4244: 'argument': conversion from 'GLdouble' to 'GLfloat', possible loss of data
c:\users\jacob\source\repos\shay\main.cpp(3893): warning C4244: 'argument': conversion from 'GLdouble' to 'GLfloat', possible loss of data
c:\users\jacob\source\repos\shay\main.cpp(3894): warning C4244: 'argument': conversion from 'GLdouble' to 'GLfloat', possible loss of data
c:\users\jacob\source\repos\shay\main.cpp(3895): warning C4244: 'argument': conversion from 'GLdouble' to 'GLfloat', possible loss of data
c:\users\jacob\source\repos\shay\main.cpp(3896): warning C4244: 'argument': conversion from 'GLdouble' to 'GLfloat', possible loss of data
c:\users\jacob\source\repos\shay\main.cpp(3925): warning C4244: 'argument': conversion from 'GLdouble' to 'GLfloat', possible loss of data
c:\users\jacob\source\repos\shay\main.cpp(3929): warning C4244: 'argument': conversion from 'GLdouble' to 'GLfloat', possible loss of data
c:\users\jacob\source\repos\shay\main.cpp(3984): warning C4244: 'argument': conversion from 'GLdouble' to 'GLfloat', possible loss of data
c:\users\jacob\source\repos\shay\main.cpp(4011): warning C4244: 'argument': conversion from 'GLdouble' to 'GLfloat', possible loss of data
c:\users\jacob\source\repos\shay\main.cpp(4025): warning C4244: 'argument': conversion from 'GLdouble' to 'GLfloat', possible loss of data
c:\users\jacob\source\repos\shay\main.cpp(4053): warning C4244: 'argument': conversion from 'GLdouble' to 'GLfloat', possible loss of data
c:\users\jacob\source\repos\shay\main.cpp(4080): warning C4244: 'argument': conversion from 'GLdouble' to 'GLfloat', possible loss of data
c:\users\jacob\source\repos\shay\main.cpp(4094): warning C4244: 'argument': conversion from 'GLdouble' to 'GLfloat', possible loss of data
c:\users\jacob\source\repos\shay\main.cpp(4253): warning C4305: 'argument': truncation from 'double' to 'GLfloat'
c:\users\jacob\source\repos\shay\main.cpp(4287): warning C4244: 'argument': conversion from 'GLdouble' to 'GLfloat', possible loss of data
c:\users\jacob\source\repos\shay\main.cpp(4318): warning C4244: 'argument': conversion from 'GLdouble' to 'GLfloat', possible loss of data
c:\users\jacob\source\repos\shay\main.cpp(4361): warning C4305: 'argument': truncation from 'double' to 'GLfloat'
c:\users\jacob\source\repos\shay\main.cpp(4366): warning C4305: 'argument': truncation from 'double' to 'GLfloat'
c:\users\jacob\source\repos\shay\main.cpp(4497): warning C4305: 'argument': truncation from 'double' to 'GLfloat'
c:\users\jacob\source\repos\shay\main.cpp(4499): warning C4305: 'argument': truncation from 'double' to 'GLfloat'
c:\users\jacob\source\repos\shay\main.cpp(4500): warning C4305: 'argument': truncation from 'double' to 'GLfloat'
c:\users\jacob\source\repos\shay\main.cpp(4501): warning C4305: 'argument': truncation from 'double' to 'GLfloat'
c:\users\jacob\source\repos\shay\main.cpp(4502): warning C4305: 'argument': truncation from 'double' to 'GLfloat'
c:\users\jacob\source\repos\shay\main.cpp(4509): warning C4305: 'argument': truncation from 'double' to 'GLfloat'
c:\users\jacob\source\repos\shay\main.cpp(4511): warning C4305: 'argument': truncation from 'double' to 'GLfloat'
c:\users\jacob\source\repos\shay\main.cpp(4512): warning C4305: 'argument': truncation from 'double' to 'GLfloat'
c:\users\jacob\source\repos\shay\main.cpp(4513): warning C4305: 'argument': truncation from 'double' to 'GLfloat'
c:\users\jacob\source\repos\shay\main.cpp(4514): warning C4305: 'argument': truncation from 'double' to 'GLfloat'
c:\users\jacob\source\repos\shay\main.cpp(4521): warning C4305: 'argument': truncation from 'double' to 'GLfloat'
c:\users\jacob\source\repos\shay\main.cpp(4523): warning C4305: 'argument': truncation from 'double' to 'GLfloat'
c:\users\jacob\source\repos\shay\main.cpp(4524): warning C4305: 'argument': truncation from 'double' to 'GLfloat'
c:\users\jacob\source\repos\shay\main.cpp(4525): warning C4305: 'argument': truncation from 'double' to 'GLfloat'
c:\users\jacob\source\repos\shay\main.cpp(4526): warning C4305: 'argument': truncation from 'double' to 'GLfloat'
c:\users\jacob\source\repos\shay\main.cpp(4533): warning C4305: 'argument': truncation from 'double' to 'GLfloat'
c:\users\jacob\source\repos\shay\main.cpp(4535): warning C4305: 'argument': truncation from 'double' to 'GLfloat'
c:\users\jacob\source\repos\shay\main.cpp(4536): warning C4305: 'argument': truncation from 'double' to 'GLfloat'
c:\users\jacob\source\repos\shay\main.cpp(4537): warning C4305: 'argument': truncation from 'double' to 'GLfloat'
c:\users\jacob\source\repos\shay\main.cpp(4538): warning C4305: 'argument': truncation from 'double' to 'GLfloat'
c:\users\jacob\source\repos\shay\main.cpp(4547): warning C4305: 'argument': truncation from 'double' to 'GLfloat'
c:\users\jacob\source\repos\shay\main.cpp(4548): warning C4305: 'argument': truncation from 'double' to 'GLfloat'
c:\users\jacob\source\repos\shay\main.cpp(4549): warning C4305: 'argument': truncation from 'double' to 'GLfloat'
c:\users\jacob\source\repos\shay\main.cpp(4550): warning C4305: 'argument': truncation from 'double' to 'GLfloat'
c:\users\jacob\source\repos\shay\main.cpp(4582): warning C4244: 'argument': conversion from 'GLdouble' to 'GLfloat', possible loss of data
c:\users\jacob\source\repos\shay\main.cpp(4593): warning C4244: 'argument': conversion from 'GLdouble' to 'GLfloat', possible loss of data
c:\users\jacob\source\repos\shay\main.cpp(4605): warning C4244: 'argument': conversion from 'GLdouble' to 'GLfloat', possible loss of data
c:\users\jacob\source\repos\shay\main.cpp(4639): warning C4244: 'argument': conversion from 'GLdouble' to 'GLfloat', possible loss of data
c:\users\jacob\source\repos\shay\main.cpp(4650): warning C4244: 'argument': conversion from 'GLdouble' to 'GLfloat', possible loss of data
c:\users\jacob\source\repos\shay\main.cpp(4662): warning C4244: 'argument': conversion from 'GLdouble' to 'GLfloat', possible loss of data
c:\users\jacob\source\repos\shay\main.cpp(4672): warning C4244: 'argument': conversion from 'GLdouble' to 'GLfloat', possible loss of data
c:\users\jacob\source\repos\shay\main.cpp(4685): warning C4244: 'argument': conversion from 'GLdouble' to 'GLfloat', possible loss of data
c:\users\jacob\source\repos\shay\main.cpp(4769): warning C4244: 'argument': conversion from 'GLdouble' to 'GLfloat', possible loss of data
c:\users\jacob\source\repos\shay\main.cpp(4780): warning C4244: 'argument': conversion from 'GLdouble' to 'GLfloat', possible loss of data
c:\users\jacob\source\repos\shay\main.cpp(4791): warning C4244: 'argument': conversion from 'GLdouble' to 'GLfloat', possible loss of data
c:\users\jacob\source\repos\shay\main.cpp(4803): warning C4244: 'argument': conversion from 'GLdouble' to 'GLfloat', possible loss of data
c:\users\jacob\source\repos\shay\main.cpp(4821): warning C4244: 'argument': conversion from 'GLdouble' to 'GLfloat', possible loss of data
c:\users\jacob\source\repos\shay\main.cpp(5047): warning C4244: 'argument': conversion from 'double' to 'GLfloat', possible loss of data
c:\users\jacob\source\repos\shay\main.cpp(5054): warning C4244: 'argument': conversion from 'double' to 'GLfloat', possible loss of data
c:\users\jacob\source\repos\shay\main.cpp(5061): warning C4244: 'argument': conversion from 'double' to 'GLfloat', possible loss of data
c:\users\jacob\source\repos\shay\main.cpp(5080): warning C4244: 'argument': conversion from 'double' to 'GLfloat', possible loss of data
c:\users\jacob\source\repos\shay\main.cpp(5080): warning C4244: 'argument': conversion from 'GLdouble' to 'GLfloat', possible loss of data
c:\users\jacob\source\repos\shay\main.cpp(5084): warning C4244: 'argument': conversion from 'double' to 'GLfloat', possible loss of data
c:\users\jacob\source\repos\shay\main.cpp(5084): warning C4244: 'argument': conversion from 'GLdouble' to 'GLfloat', possible loss of data
c:\users\jacob\source\repos\shay\main.cpp(5100): warning C4244: 'argument': conversion from 'double' to 'GLfloat', possible loss of data
c:\users\jacob\source\repos\shay\main.cpp(5100): warning C4244: 'argument': conversion from 'GLdouble' to 'GLfloat', possible loss of data
c:\users\jacob\source\repos\shay\main.cpp(5104): warning C4244: 'argument': conversion from 'double' to 'GLfloat', possible loss of data
c:\users\jacob\source\repos\shay\main.cpp(5104): warning C4244: 'argument': conversion from 'GLdouble' to 'GLfloat', possible loss of data
c:\users\jacob\source\repos\shay\main.cpp(5211): warning C4244: 'argument': conversion from 'GLdouble' to 'GLfloat', possible loss of data
c:\users\jacob\source\repos\shay\main.cpp(5220): warning C4305: 'argument': truncation from 'double' to 'GLfloat'
c:\users\jacob\source\repos\shay\main.cpp(5227): warning C4305: 'argument': truncation from 'double' to 'GLfloat'
c:\users\jacob\source\repos\shay\main.cpp(5234): warning C4305: 'argument': truncation from 'double' to 'GLfloat'
c:\users\jacob\source\repos\shay\main.cpp(5240): warning C4305: 'argument': truncation from 'double' to 'GLfloat'
c:\users\jacob\source\repos\shay\main.cpp(5241): warning C4305: 'argument': truncation from 'double' to 'GLfloat'
c:\users\jacob\source\repos\shay\main.cpp(5242): warning C4305: 'argument': truncation from 'double' to 'GLfloat'
c:\users\jacob\source\repos\shay\main.cpp(5253): warning C4305: 'argument': truncation from 'double' to 'GLfloat'
c:\users\jacob\source\repos\shay\main.cpp(5260): warning C4305: 'argument': truncation from 'double' to 'GLfloat'
c:\users\jacob\source\repos\shay\main.cpp(5267): warning C4305: 'argument': truncation from 'double' to 'GLfloat'
c:\users\jacob\source\repos\shay\main.cpp(5273): warning C4305: 'argument': truncation from 'double' to 'GLfloat'
c:\users\jacob\source\repos\shay\main.cpp(5274): warning C4305: 'argument': truncation from 'double' to 'GLfloat'
c:\users\jacob\source\repos\shay\main.cpp(5275): warning C4305: 'argument': truncation from 'double' to 'GLfloat'
c:\users\jacob\source\repos\shay\main.cpp(5287): warning C4244: 'argument': conversion from 'double' to 'const int', possible loss of data
c:\users\jacob\source\repos\shay\main.cpp(5288): warning C4244: 'argument': conversion from 'double' to 'const int', possible loss of data
c:\users\jacob\source\repos\shay\main.cpp(5290): warning C4244: 'argument': conversion from 'double' to 'const int', possible loss of data
c:\users\jacob\source\repos\shay\main.cpp(5291): warning C4244: 'argument': conversion from 'double' to 'const int', possible loss of data
c:\users\jacob\source\repos\shay\main.cpp(5293): warning C4244: 'argument': conversion from 'double' to 'const int', possible loss of data
c:\users\jacob\source\repos\shay\main.cpp(5294): warning C4244: 'argument': conversion from 'double' to 'const int', possible loss of data
c:\users\jacob\source\repos\shay\main.cpp(5296): warning C4244: 'argument': conversion from 'double' to 'const int', possible loss of data
c:\users\jacob\source\repos\shay\main.cpp(5297): warning C4244: 'argument': conversion from 'double' to 'const int', possible loss of data
c:\users\jacob\source\repos\shay\main.cpp(5299): warning C4244: 'argument': conversion from 'double' to 'const int', possible loss of data
c:\users\jacob\source\repos\shay\main.cpp(5300): warning C4244: 'argument': conversion from 'double' to 'const int', possible loss of data
c:\users\jacob\source\repos\shay\main.cpp(5305): warning C4244: 'argument': conversion from 'double' to 'const int', possible loss of data
c:\users\jacob\source\repos\shay\main.cpp(5310): warning C4244: 'argument': conversion from 'double' to 'const int', possible loss of data
c:\users\jacob\source\repos\shay\main.cpp(5315): warning C4244: 'argument': conversion from 'double' to 'const int', possible loss of data
c:\users\jacob\source\repos\shay\main.cpp(5321): warning C4244: 'argument': conversion from 'double' to 'const int', possible loss of data
c:\users\jacob\source\repos\shay\main.cpp(5323): warning C4244: 'argument': conversion from 'double' to 'const int', possible loss of data
c:\users\jacob\source\repos\shay\main.cpp(5324): warning C4244: 'argument': conversion from 'double' to 'const int', possible loss of data
c:\users\jacob\source\repos\shay\main.cpp(5325): warning C4244: 'argument': conversion from 'double' to 'const int', possible loss of data
c:\users\jacob\source\repos\shay\main.cpp(5326): warning C4244: 'argument': conversion from 'double' to 'const int', possible loss of data
c:\users\jacob\source\repos\shay\main.cpp(5327): warning C4244: 'argument': conversion from 'double' to 'const int', possible loss of data
c:\users\jacob\source\repos\shay\main.cpp(5328): warning C4244: 'argument': conversion from 'double' to 'const int', possible loss of data
c:\users\jacob\source\repos\shay\main.cpp(5329): warning C4244: 'argument': conversion from 'double' to 'const int', possible loss of data
c:\users\jacob\source\repos\shay\main.cpp(5330): warning C4244: 'argument': conversion from 'double' to 'const int', possible loss of data
c:\users\jacob\source\repos\shay\main.cpp(5331): warning C4244: 'argument': conversion from 'double' to 'const int', possible loss of data
c:\users\jacob\source\repos\shay\main.cpp(5332): warning C4244: 'argument': conversion from 'double' to 'const int', possible loss of data
c:\users\jacob\source\repos\shay\main.cpp(5333): warning C4244: 'argument': conversion from 'double' to 'const int', possible loss of data
  Shay.vcxproj -> C:\Users\jacob\source\repos\Shay\Debug\Shay.exe
