c:\users\axel0\desktop\ict290\shay\shay\debug\vc141.pdb
c:\users\axel0\desktop\ict290\shay\shay\debug\vc141.idb
c:\users\axel0\desktop\ict290\shay\shay\debug\texturedpolygons.obj
c:\users\axel0\desktop\ict290\shay\shay\debug\soundtime.obj
c:\users\axel0\desktop\ict290\shay\shay\debug\sound.obj
c:\users\axel0\desktop\ict290\shay\shay\debug\plainnode.obj
c:\users\axel0\desktop\ict290\shay\shay\debug\plainlinkedlist.obj
c:\users\axel0\desktop\ict290\shay\shay\debug\main.obj
c:\users\axel0\desktop\ict290\shay\shay\debug\easysound.obj
c:\users\axel0\desktop\ict290\shay\shay\debug\collision.obj
c:\users\axel0\desktop\ict290\shay\shay\debug\cameramap.obj
c:\users\axel0\desktop\ict290\shay\shay\debug\camera.obj
c:\users\axel0\desktop\ict290\shay\shay\debug\aabbnode.obj
c:\users\axel0\desktop\ict290\shay\shay\debug\aabblinkedlist.obj
c:\users\axel0\desktop\ict290\shay\shay\debug\aabb.obj
c:\users\axel0\desktop\ict290\shay\debug\shay.exe
c:\users\axel0\desktop\ict290\shay\debug\shay.ilk
c:\users\axel0\desktop\ict290\shay\debug\shay.pdb
c:\users\axel0\desktop\ict290\shay\shay\debug\shay.res
c:\users\axel0\desktop\ict290\shay\shay\debug\shay.tlog\cl.command.1.tlog
c:\users\axel0\desktop\ict290\shay\shay\debug\shay.tlog\cl.read.1.tlog
c:\users\axel0\desktop\ict290\shay\shay\debug\shay.tlog\cl.write.1.tlog
c:\users\axel0\desktop\ict290\shay\shay\debug\shay.tlog\link.command.1.tlog
c:\users\axel0\desktop\ict290\shay\shay\debug\shay.tlog\link.read.1.tlog
c:\users\axel0\desktop\ict290\shay\shay\debug\shay.tlog\link.write.1.tlog
c:\users\axel0\desktop\ict290\shay\shay\debug\shay.tlog\rc.command.1.tlog
c:\users\axel0\desktop\ict290\shay\shay\debug\shay.tlog\rc.read.1.tlog
c:\users\axel0\desktop\ict290\shay\shay\debug\shay.tlog\rc.write.1.tlog
