  AABB.CPP
c:\users\manu\source\repos\shay\aabb.h(22): fatal error C1083: Cannot open include file: 'GL/glut.h': No such file or directory
  AABBLinkedList.cpp
c:\users\manu\source\repos\shay\aabbnode.h(13): fatal error C1083: Cannot open include file: 'GL/glut.h': No such file or directory
  AABBNode.cpp
c:\users\manu\source\repos\shay\aabbnode.h(13): fatal error C1083: Cannot open include file: 'GL/glut.h': No such file or directory
  camera.cpp
c:\users\manu\source\repos\shay\aabb.h(22): fatal error C1083: Cannot open include file: 'GL/glut.h': No such file or directory
  cameraMap.cpp
c:\users\manu\source\repos\shay\cameramap.h(11): fatal error C1083: Cannot open include file: 'GL/glut.h': No such file or directory
  collision.cpp
c:\users\manu\source\repos\shay\aabb.h(22): fatal error C1083: Cannot open include file: 'GL/glut.h': No such file or directory
  EasySound.cpp
c:\users\manu\source\repos\shay\easysound.h(8): fatal error C1083: Cannot open include file: 'SDL.h': No such file or directory
  main.cpp
c:\users\manu\source\repos\shay\main.cpp(3): fatal error C1083: Cannot open include file: 'GL/glut.h': No such file or directory
  PlainLinkedList.cpp
c:\users\manu\source\repos\shay\plainnode.h(15): fatal error C1083: Cannot open include file: 'GL/glut.h': No such file or directory
  PlainNode.cpp
c:\users\manu\source\repos\shay\plainnode.h(15): fatal error C1083: Cannot open include file: 'GL/glut.h': No such file or directory
  Sound.cpp
c:\users\manu\source\repos\shay\sound.h(8): fatal error C1083: Cannot open include file: 'SDL.h': No such file or directory
  SoundTime.cpp
c:\users\manu\source\repos\shay\soundtime.h(8): fatal error C1083: Cannot open include file: 'SDL.h': No such file or directory
  texturedPolygons.cpp
c:\users\manu\source\repos\shay\texturedpolygons.h(13): fatal error C1083: Cannot open include file: 'GL/glut.h': No such file or directory
